<?xml version="1.0" encoding="UTF-8"?>
<!-- Generated by org.testng.reporters.JUnitReportReporter -->
<testsuite hostname="DESKTOP-FGKSIQL" failures="0" tests="1" name="testNG.Maruti" time="28.721" errors="0" timestamp="2026-06-23T11:07:45 IST" skipped="0">
  <testcase classname="testNG.Maruti" name="lunch" time="28.721">
    <system-out>
      <![CDATA[Maruti is Lunched]]>
    </system-out>
  </testcase> <!-- lunch -->
  <system-out>
    <![CDATA[Maruti is Lunched
Mahindra is Lunched
BMW is Lunched]]>
  </system-out>
</testsuite> <!-- testNG.Maruti -->
